[16-Jan-2024 12:43:50 UTC] PHP Fatal error:  Uncaught Error: Call to undefined function curl_init() in /data/html/htc_catalog/wp-content/plugins/sr-product-360o-view/includes/srCURLMethods.php:133
Stack trace:
#0 /data/html/htc_catalog/wp-content/plugins/sr-product-360o-view/includes/srCURLMethods.php(25): srCURLMethods->sendRequest()
#1 /data/html/htc_catalog/wp-content/plugins/sr-product-360o-view/includes/templates/license.php(29): srCURLMethods->get_unauthorize_token()
#2 /data/html/htc_catalog/wp-content/plugins/sr-product-360o-view/includes/sr360AdminMenu.php(87): include_once('...')
#3 /data/html/htc_catalog/wp-includes/class-wp-hook.php(324): sr360AdminMenu->license_callback()
#4 /data/html/htc_catalog/wp-includes/class-wp-hook.php(348): WP_Hook->apply_filters()
#5 /data/html/htc_catalog/wp-includes/plugin.php(517): WP_Hook->do_action()
#6 /data/html/htc_catalog/wp-admin/admin.php(259): do_action()
#7 {main}
  thrown in /data/html/htc_catalog/wp-content/plugins/sr-product-360o-view/includes/srCURLMethods.php on line 133
[16-Jan-2024 12:43:52 UTC] PHP Notice:  PHP's XML extension is not available. Please contact your hosting provider to enable PHP's XML extension. in /data/html/htc_catalog/wp-includes/IXR/class-IXR-message.php on line 48
[16-Jan-2024 12:43:55 UTC] PHP Notice:  PHP's XML extension is not available. Please contact your hosting provider to enable PHP's XML extension. in /data/html/htc_catalog/wp-includes/IXR/class-IXR-message.php on line 48
[16-Jan-2024 12:44:59 UTC] PHP Notice:  PHP's XML extension is not available. Please contact your hosting provider to enable PHP's XML extension. in /data/html/htc_catalog/wp-includes/IXR/class-IXR-message.php on line 48
[16-Jan-2024 12:46:39 UTC] PHP Notice:  PHP's XML extension is not available. Please contact your hosting provider to enable PHP's XML extension. in /data/html/htc_catalog/wp-includes/IXR/class-IXR-message.php on line 48
[16-Jan-2024 12:47:07 UTC] PHP Notice:  PHP's XML extension is not available. Please contact your hosting provider to enable PHP's XML extension. in /data/html/htc_catalog/wp-includes/IXR/class-IXR-message.php on line 48
[16-Jan-2024 12:48:05 UTC] PHP Notice:  PHP's XML extension is not available. Please contact your hosting provider to enable PHP's XML extension. in /data/html/htc_catalog/wp-includes/IXR/class-IXR-message.php on line 48
[16-Jan-2024 12:49:08 UTC] PHP Notice:  PHP's XML extension is not available. Please contact your hosting provider to enable PHP's XML extension. in /data/html/htc_catalog/wp-includes/IXR/class-IXR-message.php on line 48
[16-Jan-2024 12:50:42 UTC] PHP Notice:  PHP's XML extension is not available. Please contact your hosting provider to enable PHP's XML extension. in /data/html/htc_catalog/wp-includes/IXR/class-IXR-message.php on line 48
[16-Jan-2024 12:50:42 UTC] PHP Notice:  PHP's XML extension is not available. Please contact your hosting provider to enable PHP's XML extension. in /data/html/htc_catalog/wp-includes/IXR/class-IXR-message.php on line 48
[16-Jan-2024 12:51:46 UTC] PHP Notice:  PHP's XML extension is not available. Please contact your hosting provider to enable PHP's XML extension. in /data/html/htc_catalog/wp-includes/IXR/class-IXR-message.php on line 48
[16-Jan-2024 12:52:52 UTC] PHP Notice:  PHP's XML extension is not available. Please contact your hosting provider to enable PHP's XML extension. in /data/html/htc_catalog/wp-includes/IXR/class-IXR-message.php on line 48
[16-Jan-2024 12:53:45 UTC] PHP Notice:  PHP's XML extension is not available. Please contact your hosting provider to enable PHP's XML extension. in /data/html/htc_catalog/wp-includes/IXR/class-IXR-message.php on line 48
[16-Jan-2024 12:53:45 UTC] PHP Notice:  PHP's XML extension is not available. Please contact your hosting provider to enable PHP's XML extension. in /data/html/htc_catalog/wp-includes/IXR/class-IXR-message.php on line 48
[16-Jan-2024 12:53:47 UTC] PHP Fatal error:  Uncaught Error: Call to undefined function curl_init() in /data/html/htc_catalog/wp-content/plugins/sr-product-360o-view/includes/srCURLMethods.php:133
Stack trace:
#0 /data/html/htc_catalog/wp-content/plugins/sr-product-360o-view/includes/srCURLMethods.php(25): srCURLMethods->sendRequest()
#1 /data/html/htc_catalog/wp-content/plugins/sr-product-360o-view/includes/templates/license.php(29): srCURLMethods->get_unauthorize_token()
#2 /data/html/htc_catalog/wp-content/plugins/sr-product-360o-view/includes/sr360AdminMenu.php(87): include_once('...')
#3 /data/html/htc_catalog/wp-includes/class-wp-hook.php(324): sr360AdminMenu->license_callback()
#4 /data/html/htc_catalog/wp-includes/class-wp-hook.php(348): WP_Hook->apply_filters()
#5 /data/html/htc_catalog/wp-includes/plugin.php(517): WP_Hook->do_action()
#6 /data/html/htc_catalog/wp-admin/admin.php(259): do_action()
#7 {main}
  thrown in /data/html/htc_catalog/wp-content/plugins/sr-product-360o-view/includes/srCURLMethods.php on line 133
[16-Jan-2024 12:53:53 UTC] PHP Notice:  PHP's XML extension is not available. Please contact your hosting provider to enable PHP's XML extension. in /data/html/htc_catalog/wp-includes/IXR/class-IXR-message.php on line 48
[16-Jan-2024 12:55:36 UTC] PHP Notice:  PHP's XML extension is not available. Please contact your hosting provider to enable PHP's XML extension. in /data/html/htc_catalog/wp-includes/IXR/class-IXR-message.php on line 48
[16-Jan-2024 12:56:03 UTC] PHP Fatal error:  Uncaught Error: Call to undefined function curl_init() in /data/html/htc_catalog/wp-content/plugins/sr-product-360o-view/includes/srCURLMethods.php:133
Stack trace:
#0 /data/html/htc_catalog/wp-content/plugins/sr-product-360o-view/includes/srCURLMethods.php(25): srCURLMethods->sendRequest()
#1 /data/html/htc_catalog/wp-content/plugins/sr-product-360o-view/includes/templates/license.php(29): srCURLMethods->get_unauthorize_token()
#2 /data/html/htc_catalog/wp-content/plugins/sr-product-360o-view/includes/sr360AdminMenu.php(87): include_once('...')
#3 /data/html/htc_catalog/wp-includes/class-wp-hook.php(324): sr360AdminMenu->license_callback()
#4 /data/html/htc_catalog/wp-includes/class-wp-hook.php(348): WP_Hook->apply_filters()
#5 /data/html/htc_catalog/wp-includes/plugin.php(517): WP_Hook->do_action()
#6 /data/html/htc_catalog/wp-admin/admin.php(259): do_action()
#7 {main}
  thrown in /data/html/htc_catalog/wp-content/plugins/sr-product-360o-view/includes/srCURLMethods.php on line 133
[16-Jan-2024 13:01:41 UTC] PHP Notice:  PHP's XML extension is not available. Please contact your hosting provider to enable PHP's XML extension. in /data/html/htc_catalog/wp-includes/IXR/class-IXR-message.php on line 48
[16-Jan-2024 13:01:42 UTC] PHP Notice:  PHP's XML extension is not available. Please contact your hosting provider to enable PHP's XML extension. in /data/html/htc_catalog/wp-includes/IXR/class-IXR-message.php on line 48
[16-Jan-2024 13:07:19 UTC] PHP Notice:  PHP's XML extension is not available. Please contact your hosting provider to enable PHP's XML extension. in /data/html/htc_catalog/wp-includes/IXR/class-IXR-message.php on line 48
[16-Jan-2024 13:07:34 UTC] PHP Notice:  PHP's XML extension is not available. Please contact your hosting provider to enable PHP's XML extension. in /data/html/htc_catalog/wp-includes/IXR/class-IXR-message.php on line 48
[16-Jan-2024 13:08:57 UTC] PHP Notice:  PHP's XML extension is not available. Please contact your hosting provider to enable PHP's XML extension. in /data/html/htc_catalog/wp-includes/IXR/class-IXR-message.php on line 48
[16-Jan-2024 13:11:59 UTC] PHP Notice:  PHP's XML extension is not available. Please contact your hosting provider to enable PHP's XML extension. in /data/html/htc_catalog/wp-includes/IXR/class-IXR-message.php on line 48
[16-Jan-2024 13:11:59 UTC] PHP Notice:  PHP's XML extension is not available. Please contact your hosting provider to enable PHP's XML extension. in /data/html/htc_catalog/wp-includes/IXR/class-IXR-message.php on line 48
[16-Jan-2024 13:14:01 UTC] PHP Notice:  PHP's XML extension is not available. Please contact your hosting provider to enable PHP's XML extension. in /data/html/htc_catalog/wp-includes/IXR/class-IXR-message.php on line 48
[16-Jan-2024 13:15:24 UTC] PHP Notice:  PHP's XML extension is not available. Please contact your hosting provider to enable PHP's XML extension. in /data/html/htc_catalog/wp-includes/IXR/class-IXR-message.php on line 48
[16-Jan-2024 13:15:24 UTC] PHP Notice:  PHP's XML extension is not available. Please contact your hosting provider to enable PHP's XML extension. in /data/html/htc_catalog/wp-includes/IXR/class-IXR-message.php on line 48
[16-Jan-2024 13:17:57 UTC] PHP Notice:  PHP's XML extension is not available. Please contact your hosting provider to enable PHP's XML extension. in /data/html/htc_catalog/wp-includes/IXR/class-IXR-message.php on line 48
[16-Jan-2024 13:18:24 UTC] PHP Notice:  PHP's XML extension is not available. Please contact your hosting provider to enable PHP's XML extension. in /data/html/htc_catalog/wp-includes/IXR/class-IXR-message.php on line 48
[16-Jan-2024 13:19:25 UTC] PHP Notice:  PHP's XML extension is not available. Please contact your hosting provider to enable PHP's XML extension. in /data/html/htc_catalog/wp-includes/IXR/class-IXR-message.php on line 48
[16-Jan-2024 13:21:25 UTC] PHP Notice:  PHP's XML extension is not available. Please contact your hosting provider to enable PHP's XML extension. in /data/html/htc_catalog/wp-includes/IXR/class-IXR-message.php on line 48
[16-Jan-2024 13:21:25 UTC] PHP Notice:  PHP's XML extension is not available. Please contact your hosting provider to enable PHP's XML extension. in /data/html/htc_catalog/wp-includes/IXR/class-IXR-message.php on line 48
[16-Jan-2024 13:23:26 UTC] PHP Notice:  PHP's XML extension is not available. Please contact your hosting provider to enable PHP's XML extension. in /data/html/htc_catalog/wp-includes/IXR/class-IXR-message.php on line 48
[16-Jan-2024 13:25:28 UTC] PHP Notice:  PHP's XML extension is not available. Please contact your hosting provider to enable PHP's XML extension. in /data/html/htc_catalog/wp-includes/IXR/class-IXR-message.php on line 48
[16-Jan-2024 13:25:28 UTC] PHP Notice:  PHP's XML extension is not available. Please contact your hosting provider to enable PHP's XML extension. in /data/html/htc_catalog/wp-includes/IXR/class-IXR-message.php on line 48
[16-Jan-2024 13:27:28 UTC] PHP Notice:  PHP's XML extension is not available. Please contact your hosting provider to enable PHP's XML extension. in /data/html/htc_catalog/wp-includes/IXR/class-IXR-message.php on line 48
[16-Jan-2024 13:29:29 UTC] PHP Notice:  PHP's XML extension is not available. Please contact your hosting provider to enable PHP's XML extension. in /data/html/htc_catalog/wp-includes/IXR/class-IXR-message.php on line 48
[16-Jan-2024 13:29:29 UTC] PHP Notice:  PHP's XML extension is not available. Please contact your hosting provider to enable PHP's XML extension. in /data/html/htc_catalog/wp-includes/IXR/class-IXR-message.php on line 48
[16-Jan-2024 13:31:31 UTC] PHP Notice:  PHP's XML extension is not available. Please contact your hosting provider to enable PHP's XML extension. in /data/html/htc_catalog/wp-includes/IXR/class-IXR-message.php on line 48
[16-Jan-2024 13:33:31 UTC] PHP Notice:  PHP's XML extension is not available. Please contact your hosting provider to enable PHP's XML extension. in /data/html/htc_catalog/wp-includes/IXR/class-IXR-message.php on line 48
[16-Jan-2024 13:33:31 UTC] PHP Notice:  PHP's XML extension is not available. Please contact your hosting provider to enable PHP's XML extension. in /data/html/htc_catalog/wp-includes/IXR/class-IXR-message.php on line 48
[16-Jan-2024 13:35:32 UTC] PHP Notice:  PHP's XML extension is not available. Please contact your hosting provider to enable PHP's XML extension. in /data/html/htc_catalog/wp-includes/IXR/class-IXR-message.php on line 48
[16-Jan-2024 13:37:34 UTC] PHP Notice:  PHP's XML extension is not available. Please contact your hosting provider to enable PHP's XML extension. in /data/html/htc_catalog/wp-includes/IXR/class-IXR-message.php on line 48
[16-Jan-2024 13:37:35 UTC] PHP Notice:  PHP's XML extension is not available. Please contact your hosting provider to enable PHP's XML extension. in /data/html/htc_catalog/wp-includes/IXR/class-IXR-message.php on line 48
[16-Jan-2024 13:39:34 UTC] PHP Notice:  PHP's XML extension is not available. Please contact your hosting provider to enable PHP's XML extension. in /data/html/htc_catalog/wp-includes/IXR/class-IXR-message.php on line 48
[16-Jan-2024 13:41:35 UTC] PHP Notice:  PHP's XML extension is not available. Please contact your hosting provider to enable PHP's XML extension. in /data/html/htc_catalog/wp-includes/IXR/class-IXR-message.php on line 48
[16-Jan-2024 13:41:35 UTC] PHP Notice:  PHP's XML extension is not available. Please contact your hosting provider to enable PHP's XML extension. in /data/html/htc_catalog/wp-includes/IXR/class-IXR-message.php on line 48
[16-Jan-2024 13:43:37 UTC] PHP Notice:  PHP's XML extension is not available. Please contact your hosting provider to enable PHP's XML extension. in /data/html/htc_catalog/wp-includes/IXR/class-IXR-message.php on line 48
[16-Jan-2024 13:46:38 UTC] PHP Notice:  PHP's XML extension is not available. Please contact your hosting provider to enable PHP's XML extension. in /data/html/htc_catalog/wp-includes/IXR/class-IXR-message.php on line 48
[16-Jan-2024 13:46:38 UTC] PHP Notice:  PHP's XML extension is not available. Please contact your hosting provider to enable PHP's XML extension. in /data/html/htc_catalog/wp-includes/IXR/class-IXR-message.php on line 48
[16-Jan-2024 13:48:40 UTC] PHP Notice:  PHP's XML extension is not available. Please contact your hosting provider to enable PHP's XML extension. in /data/html/htc_catalog/wp-includes/IXR/class-IXR-message.php on line 48
[16-Jan-2024 13:50:40 UTC] PHP Notice:  PHP's XML extension is not available. Please contact your hosting provider to enable PHP's XML extension. in /data/html/htc_catalog/wp-includes/IXR/class-IXR-message.php on line 48
[16-Jan-2024 13:50:41 UTC] PHP Notice:  PHP's XML extension is not available. Please contact your hosting provider to enable PHP's XML extension. in /data/html/htc_catalog/wp-includes/IXR/class-IXR-message.php on line 48
[16-Jan-2024 13:51:48 UTC] PHP Notice:  PHP's XML extension is not available. Please contact your hosting provider to enable PHP's XML extension. in /data/html/htc_catalog/wp-includes/IXR/class-IXR-message.php on line 48
[16-Jan-2024 13:52:15 UTC] PHP Fatal error:  Uncaught Error: Call to undefined function curl_init() in /data/html/htc_catalog/wp-content/plugins/sr-product-360o-view/includes/srCURLMethods.php:133
Stack trace:
#0 /data/html/htc_catalog/wp-content/plugins/sr-product-360o-view/includes/srCURLMethods.php(25): srCURLMethods->sendRequest()
#1 /data/html/htc_catalog/wp-content/plugins/sr-product-360o-view/includes/templates/license.php(29): srCURLMethods->get_unauthorize_token()
#2 /data/html/htc_catalog/wp-content/plugins/sr-product-360o-view/includes/sr360AdminMenu.php(87): include_once('...')
#3 /data/html/htc_catalog/wp-includes/class-wp-hook.php(324): sr360AdminMenu->license_callback()
#4 /data/html/htc_catalog/wp-includes/class-wp-hook.php(348): WP_Hook->apply_filters()
#5 /data/html/htc_catalog/wp-includes/plugin.php(517): WP_Hook->do_action()
#6 /data/html/htc_catalog/wp-admin/admin.php(259): do_action()
#7 {main}
  thrown in /data/html/htc_catalog/wp-content/plugins/sr-product-360o-view/includes/srCURLMethods.php on line 133
[16-Jan-2024 13:54:51 UTC] PHP Notice:  PHP's XML extension is not available. Please contact your hosting provider to enable PHP's XML extension. in /data/html/htc_catalog/wp-includes/IXR/class-IXR-message.php on line 48
[16-Jan-2024 13:54:51 UTC] PHP Notice:  PHP's XML extension is not available. Please contact your hosting provider to enable PHP's XML extension. in /data/html/htc_catalog/wp-includes/IXR/class-IXR-message.php on line 48
[16-Jan-2024 13:56:51 UTC] PHP Notice:  PHP's XML extension is not available. Please contact your hosting provider to enable PHP's XML extension. in /data/html/htc_catalog/wp-includes/IXR/class-IXR-message.php on line 48
[16-Jan-2024 13:58:52 UTC] PHP Notice:  PHP's XML extension is not available. Please contact your hosting provider to enable PHP's XML extension. in /data/html/htc_catalog/wp-includes/IXR/class-IXR-message.php on line 48
[16-Jan-2024 13:58:52 UTC] PHP Notice:  PHP's XML extension is not available. Please contact your hosting provider to enable PHP's XML extension. in /data/html/htc_catalog/wp-includes/IXR/class-IXR-message.php on line 48
[16-Jan-2024 14:00:54 UTC] PHP Notice:  PHP's XML extension is not available. Please contact your hosting provider to enable PHP's XML extension. in /data/html/htc_catalog/wp-includes/IXR/class-IXR-message.php on line 48
[16-Jan-2024 14:05:31 UTC] PHP Notice:  PHP's XML extension is not available. Please contact your hosting provider to enable PHP's XML extension. in /data/html/htc_catalog/wp-includes/IXR/class-IXR-message.php on line 48
[16-Jan-2024 14:05:34 UTC] PHP Notice:  PHP's XML extension is not available. Please contact your hosting provider to enable PHP's XML extension. in /data/html/htc_catalog/wp-includes/IXR/class-IXR-message.php on line 48
[16-Jan-2024 14:06:56 UTC] PHP Notice:  PHP's XML extension is not available. Please contact your hosting provider to enable PHP's XML extension. in /data/html/htc_catalog/wp-includes/IXR/class-IXR-message.php on line 48
[16-Jan-2024 14:07:59 UTC] PHP Notice:  PHP's XML extension is not available. Please contact your hosting provider to enable PHP's XML extension. in /data/html/htc_catalog/wp-includes/IXR/class-IXR-message.php on line 48
[16-Jan-2024 14:09:29 UTC] PHP Notice:  PHP's XML extension is not available. Please contact your hosting provider to enable PHP's XML extension. in /data/html/htc_catalog/wp-includes/IXR/class-IXR-message.php on line 48
[16-Jan-2024 14:09:30 UTC] PHP Notice:  PHP's XML extension is not available. Please contact your hosting provider to enable PHP's XML extension. in /data/html/htc_catalog/wp-includes/IXR/class-IXR-message.php on line 48
[16-Jan-2024 14:11:30 UTC] PHP Notice:  PHP's XML extension is not available. Please contact your hosting provider to enable PHP's XML extension. in /data/html/htc_catalog/wp-includes/IXR/class-IXR-message.php on line 48
[16-Jan-2024 14:13:30 UTC] PHP Notice:  PHP's XML extension is not available. Please contact your hosting provider to enable PHP's XML extension. in /data/html/htc_catalog/wp-includes/IXR/class-IXR-message.php on line 48
[16-Jan-2024 14:13:30 UTC] PHP Notice:  PHP's XML extension is not available. Please contact your hosting provider to enable PHP's XML extension. in /data/html/htc_catalog/wp-includes/IXR/class-IXR-message.php on line 48
[16-Jan-2024 14:20:11 UTC] PHP Notice:  PHP's XML extension is not available. Please contact your hosting provider to enable PHP's XML extension. in /data/html/htc_catalog/wp-includes/IXR/class-IXR-message.php on line 48
[16-Jan-2024 14:21:42 UTC] PHP Notice:  PHP's XML extension is not available. Please contact your hosting provider to enable PHP's XML extension. in /data/html/htc_catalog/wp-includes/IXR/class-IXR-message.php on line 48
[16-Jan-2024 14:21:58 UTC] PHP Notice:  PHP's XML extension is not available. Please contact your hosting provider to enable PHP's XML extension. in /data/html/htc_catalog/wp-includes/IXR/class-IXR-message.php on line 48
[16-Jan-2024 14:24:37 UTC] PHP Notice:  PHP's XML extension is not available. Please contact your hosting provider to enable PHP's XML extension. in /data/html/htc_catalog/wp-includes/IXR/class-IXR-message.php on line 48
[16-Jan-2024 15:23:48 UTC] PHP Notice:  PHP's XML extension is not available. Please contact your hosting provider to enable PHP's XML extension. in /data/html/htc_catalog/wp-includes/IXR/class-IXR-message.php on line 48
[16-Jan-2024 15:23:50 UTC] PHP Notice:  PHP's XML extension is not available. Please contact your hosting provider to enable PHP's XML extension. in /data/html/htc_catalog/wp-includes/IXR/class-IXR-message.php on line 48
[16-Jan-2024 15:34:18 UTC] PHP Notice:  PHP's XML extension is not available. Please contact your hosting provider to enable PHP's XML extension. in /data/html/htc_catalog/wp-includes/IXR/class-IXR-message.php on line 48
[16-Jan-2024 15:36:27 UTC] PHP Notice:  PHP's XML extension is not available. Please contact your hosting provider to enable PHP's XML extension. in /data/html/htc_catalog/wp-includes/IXR/class-IXR-message.php on line 48
[16-Jan-2024 15:50:47 UTC] PHP Notice:  PHP's XML extension is not available. Please contact your hosting provider to enable PHP's XML extension. in /data/html/htc_catalog/wp-includes/IXR/class-IXR-message.php on line 48
[16-Jan-2024 19:15:37 UTC] PHP Notice:  PHP's XML extension is not available. Please contact your hosting provider to enable PHP's XML extension. in /data/html/htc_catalog/wp-includes/IXR/class-IXR-message.php on line 48
[16-Jan-2024 19:15:39 UTC] PHP Notice:  PHP's XML extension is not available. Please contact your hosting provider to enable PHP's XML extension. in /data/html/htc_catalog/wp-includes/IXR/class-IXR-message.php on line 48
[16-Jan-2024 19:22:22 UTC] PHP Notice:  PHP's XML extension is not available. Please contact your hosting provider to enable PHP's XML extension. in /data/html/htc_catalog/wp-includes/IXR/class-IXR-message.php on line 48
[16-Jan-2024 19:22:22 UTC] PHP Notice:  PHP's XML extension is not available. Please contact your hosting provider to enable PHP's XML extension. in /data/html/htc_catalog/wp-includes/IXR/class-IXR-message.php on line 48
[16-Jan-2024 19:27:01 UTC] PHP Notice:  PHP's XML extension is not available. Please contact your hosting provider to enable PHP's XML extension. in /data/html/htc_catalog/wp-includes/IXR/class-IXR-message.php on line 48
[16-Jan-2024 19:37:36 UTC] PHP Notice:  PHP's XML extension is not available. Please contact your hosting provider to enable PHP's XML extension. in /data/html/htc_catalog/wp-includes/IXR/class-IXR-message.php on line 48
[16-Jan-2024 19:37:36 UTC] PHP Notice:  PHP's XML extension is not available. Please contact your hosting provider to enable PHP's XML extension. in /data/html/htc_catalog/wp-includes/IXR/class-IXR-message.php on line 48
[16-Jan-2024 19:38:49 UTC] PHP Notice:  PHP's XML extension is not available. Please contact your hosting provider to enable PHP's XML extension. in /data/html/htc_catalog/wp-includes/IXR/class-IXR-message.php on line 48
[16-Jan-2024 19:47:12 UTC] PHP Notice:  PHP's XML extension is not available. Please contact your hosting provider to enable PHP's XML extension. in /data/html/htc_catalog/wp-includes/IXR/class-IXR-message.php on line 48
[16-Jan-2024 19:47:12 UTC] PHP Notice:  PHP's XML extension is not available. Please contact your hosting provider to enable PHP's XML extension. in /data/html/htc_catalog/wp-includes/IXR/class-IXR-message.php on line 48
[16-Jan-2024 20:06:18 UTC] PHP Notice:  PHP's XML extension is not available. Please contact your hosting provider to enable PHP's XML extension. in /data/html/htc_catalog/wp-includes/IXR/class-IXR-message.php on line 48
[16-Jan-2024 20:09:14 UTC] PHP Notice:  PHP's XML extension is not available. Please contact your hosting provider to enable PHP's XML extension. in /data/html/htc_catalog/wp-includes/IXR/class-IXR-message.php on line 48
[16-Jan-2024 20:09:16 UTC] PHP Notice:  PHP's XML extension is not available. Please contact your hosting provider to enable PHP's XML extension. in /data/html/htc_catalog/wp-includes/IXR/class-IXR-message.php on line 48
[16-Jan-2024 20:15:10 UTC] PHP Notice:  PHP's XML extension is not available. Please contact your hosting provider to enable PHP's XML extension. in /data/html/htc_catalog/wp-includes/IXR/class-IXR-message.php on line 48
[16-Jan-2024 20:16:00 UTC] PHP Notice:  PHP's XML extension is not available. Please contact your hosting provider to enable PHP's XML extension. in /data/html/htc_catalog/wp-includes/IXR/class-IXR-message.php on line 48
[16-Jan-2024 20:40:53 UTC] PHP Notice:  PHP's XML extension is not available. Please contact your hosting provider to enable PHP's XML extension. in /data/html/htc_catalog/wp-includes/IXR/class-IXR-message.php on line 48
[16-Jan-2024 20:40:57 UTC] PHP Notice:  PHP's XML extension is not available. Please contact your hosting provider to enable PHP's XML extension. in /data/html/htc_catalog/wp-includes/IXR/class-IXR-message.php on line 48
[16-Jan-2024 20:49:52 UTC] PHP Notice:  PHP's XML extension is not available. Please contact your hosting provider to enable PHP's XML extension. in /data/html/htc_catalog/wp-includes/IXR/class-IXR-message.php on line 48
[16-Jan-2024 20:50:04 UTC] PHP Notice:  PHP's XML extension is not available. Please contact your hosting provider to enable PHP's XML extension. in /data/html/htc_catalog/wp-includes/IXR/class-IXR-message.php on line 48
[16-Jan-2024 22:08:07 UTC] PHP Notice:  PHP's XML extension is not available. Please contact your hosting provider to enable PHP's XML extension. in /data/html/htc_catalog/wp-includes/IXR/class-IXR-message.php on line 48
[17-Jan-2024 01:59:40 UTC] PHP Notice:  PHP's XML extension is not available. Please contact your hosting provider to enable PHP's XML extension. in /data/html/htc_catalog/wp-includes/IXR/class-IXR-message.php on line 48
[17-Jan-2024 01:59:43 UTC] PHP Notice:  PHP's XML extension is not available. Please contact your hosting provider to enable PHP's XML extension. in /data/html/htc_catalog/wp-includes/IXR/class-IXR-message.php on line 48
[17-Jan-2024 07:53:39 UTC] PHP Notice:  PHP's XML extension is not available. Please contact your hosting provider to enable PHP's XML extension. in /data/html/htc_catalog/wp-includes/IXR/class-IXR-message.php on line 48
[17-Jan-2024 07:53:41 UTC] PHP Notice:  PHP's XML extension is not available. Please contact your hosting provider to enable PHP's XML extension. in /data/html/htc_catalog/wp-includes/IXR/class-IXR-message.php on line 48
[17-Jan-2024 10:24:48 UTC] PHP Notice:  PHP's XML extension is not available. Please contact your hosting provider to enable PHP's XML extension. in /data/html/htc_catalog/wp-includes/IXR/class-IXR-message.php on line 48
[17-Jan-2024 10:24:49 UTC] PHP Notice:  PHP's XML extension is not available. Please contact your hosting provider to enable PHP's XML extension. in /data/html/htc_catalog/wp-includes/IXR/class-IXR-message.php on line 48
[17-Jan-2024 22:47:50 UTC] PHP Notice:  PHP's XML extension is not available. Please contact your hosting provider to enable PHP's XML extension. in /data/html/htc_catalog/wp-includes/IXR/class-IXR-message.php on line 48
[17-Jan-2024 22:48:11 UTC] PHP Notice:  PHP's XML extension is not available. Please contact your hosting provider to enable PHP's XML extension. in /data/html/htc_catalog/wp-includes/IXR/class-IXR-message.php on line 48
[18-Jan-2024 02:48:59 UTC] PHP Notice:  PHP's XML extension is not available. Please contact your hosting provider to enable PHP's XML extension. in /data/html/htc_catalog/wp-includes/IXR/class-IXR-message.php on line 48
[18-Jan-2024 02:49:00 UTC] PHP Notice:  PHP's XML extension is not available. Please contact your hosting provider to enable PHP's XML extension. in /data/html/htc_catalog/wp-includes/IXR/class-IXR-message.php on line 48
[18-Jan-2024 04:58:21 UTC] PHP Notice:  PHP's XML extension is not available. Please contact your hosting provider to enable PHP's XML extension. in /data/html/htc_catalog/wp-includes/IXR/class-IXR-message.php on line 48
[18-Jan-2024 06:03:51 UTC] PHP Notice:  PHP's XML extension is not available. Please contact your hosting provider to enable PHP's XML extension. in /data/html/htc_catalog/wp-includes/IXR/class-IXR-message.php on line 48
[18-Jan-2024 06:03:52 UTC] PHP Notice:  PHP's XML extension is not available. Please contact your hosting provider to enable PHP's XML extension. in /data/html/htc_catalog/wp-includes/IXR/class-IXR-message.php on line 48
[18-Jan-2024 06:07:02 UTC] PHP Notice:  PHP's XML extension is not available. Please contact your hosting provider to enable PHP's XML extension. in /data/html/htc_catalog/wp-includes/IXR/class-IXR-message.php on line 48
[18-Jan-2024 06:07:03 UTC] PHP Notice:  PHP's XML extension is not available. Please contact your hosting provider to enable PHP's XML extension. in /data/html/htc_catalog/wp-includes/IXR/class-IXR-message.php on line 48
[18-Jan-2024 06:08:25 UTC] PHP Notice:  PHP's XML extension is not available. Please contact your hosting provider to enable PHP's XML extension. in /data/html/htc_catalog/wp-includes/IXR/class-IXR-message.php on line 48
[18-Jan-2024 06:10:28 UTC] PHP Notice:  PHP's XML extension is not available. Please contact your hosting provider to enable PHP's XML extension. in /data/html/htc_catalog/wp-includes/IXR/class-IXR-message.php on line 48
[18-Jan-2024 06:10:28 UTC] PHP Notice:  PHP's XML extension is not available. Please contact your hosting provider to enable PHP's XML extension. in /data/html/htc_catalog/wp-includes/IXR/class-IXR-message.php on line 48
[18-Jan-2024 06:11:30 UTC] PHP Notice:  PHP's XML extension is not available. Please contact your hosting provider to enable PHP's XML extension. in /data/html/htc_catalog/wp-includes/IXR/class-IXR-message.php on line 48
[18-Jan-2024 06:12:34 UTC] PHP Notice:  PHP's XML extension is not available. Please contact your hosting provider to enable PHP's XML extension. in /data/html/htc_catalog/wp-includes/IXR/class-IXR-message.php on line 48
[18-Jan-2024 06:14:15 UTC] PHP Notice:  PHP's XML extension is not available. Please contact your hosting provider to enable PHP's XML extension. in /data/html/htc_catalog/wp-includes/IXR/class-IXR-message.php on line 48
[18-Jan-2024 06:14:15 UTC] PHP Notice:  PHP's XML extension is not available. Please contact your hosting provider to enable PHP's XML extension. in /data/html/htc_catalog/wp-includes/IXR/class-IXR-message.php on line 48
[18-Jan-2024 06:15:22 UTC] PHP Notice:  PHP's XML extension is not available. Please contact your hosting provider to enable PHP's XML extension. in /data/html/htc_catalog/wp-includes/IXR/class-IXR-message.php on line 48
[18-Jan-2024 06:16:33 UTC] PHP Notice:  PHP's XML extension is not available. Please contact your hosting provider to enable PHP's XML extension. in /data/html/htc_catalog/wp-includes/IXR/class-IXR-message.php on line 48
[18-Jan-2024 06:17:20 UTC] PHP Notice:  PHP's XML extension is not available. Please contact your hosting provider to enable PHP's XML extension. in /data/html/htc_catalog/wp-includes/IXR/class-IXR-message.php on line 48
[18-Jan-2024 06:17:35 UTC] PHP Notice:  PHP's XML extension is not available. Please contact your hosting provider to enable PHP's XML extension. in /data/html/htc_catalog/wp-includes/IXR/class-IXR-message.php on line 48
[18-Jan-2024 06:18:42 UTC] PHP Notice:  PHP's XML extension is not available. Please contact your hosting provider to enable PHP's XML extension. in /data/html/htc_catalog/wp-includes/IXR/class-IXR-message.php on line 48
[18-Jan-2024 06:19:55 UTC] PHP Notice:  PHP's XML extension is not available. Please contact your hosting provider to enable PHP's XML extension. in /data/html/htc_catalog/wp-includes/IXR/class-IXR-message.php on line 48
[18-Jan-2024 06:21:18 UTC] PHP Notice:  PHP's XML extension is not available. Please contact your hosting provider to enable PHP's XML extension. in /data/html/htc_catalog/wp-includes/IXR/class-IXR-message.php on line 48
[18-Jan-2024 06:21:19 UTC] PHP Notice:  PHP's XML extension is not available. Please contact your hosting provider to enable PHP's XML extension. in /data/html/htc_catalog/wp-includes/IXR/class-IXR-message.php on line 48
[18-Jan-2024 06:22:21 UTC] PHP Notice:  PHP's XML extension is not available. Please contact your hosting provider to enable PHP's XML extension. in /data/html/htc_catalog/wp-includes/IXR/class-IXR-message.php on line 48
[18-Jan-2024 06:23:26 UTC] PHP Notice:  PHP's XML extension is not available. Please contact your hosting provider to enable PHP's XML extension. in /data/html/htc_catalog/wp-includes/IXR/class-IXR-message.php on line 48
[18-Jan-2024 06:25:02 UTC] PHP Notice:  PHP's XML extension is not available. Please contact your hosting provider to enable PHP's XML extension. in /data/html/htc_catalog/wp-includes/IXR/class-IXR-message.php on line 48
[18-Jan-2024 06:25:02 UTC] PHP Notice:  PHP's XML extension is not available. Please contact your hosting provider to enable PHP's XML extension. in /data/html/htc_catalog/wp-includes/IXR/class-IXR-message.php on line 48
[18-Jan-2024 06:27:07 UTC] PHP Notice:  PHP's XML extension is not available. Please contact your hosting provider to enable PHP's XML extension. in /data/html/htc_catalog/wp-includes/IXR/class-IXR-message.php on line 48
[18-Jan-2024 06:29:20 UTC] PHP Notice:  PHP's XML extension is not available. Please contact your hosting provider to enable PHP's XML extension. in /data/html/htc_catalog/wp-includes/IXR/class-IXR-message.php on line 48
[18-Jan-2024 06:29:21 UTC] PHP Notice:  PHP's XML extension is not available. Please contact your hosting provider to enable PHP's XML extension. in /data/html/htc_catalog/wp-includes/IXR/class-IXR-message.php on line 48
[18-Jan-2024 06:30:59 UTC] PHP Notice:  PHP's XML extension is not available. Please contact your hosting provider to enable PHP's XML extension. in /data/html/htc_catalog/wp-includes/IXR/class-IXR-message.php on line 48
[18-Jan-2024 06:32:54 UTC] PHP Notice:  PHP's XML extension is not available. Please contact your hosting provider to enable PHP's XML extension. in /data/html/htc_catalog/wp-includes/IXR/class-IXR-message.php on line 48
[18-Jan-2024 06:32:54 UTC] PHP Notice:  PHP's XML extension is not available. Please contact your hosting provider to enable PHP's XML extension. in /data/html/htc_catalog/wp-includes/IXR/class-IXR-message.php on line 48
[18-Jan-2024 06:33:56 UTC] PHP Notice:  PHP's XML extension is not available. Please contact your hosting provider to enable PHP's XML extension. in /data/html/htc_catalog/wp-includes/IXR/class-IXR-message.php on line 48
[18-Jan-2024 06:35:02 UTC] PHP Notice:  PHP's XML extension is not available. Please contact your hosting provider to enable PHP's XML extension. in /data/html/htc_catalog/wp-includes/IXR/class-IXR-message.php on line 48
[18-Jan-2024 06:36:00 UTC] PHP Notice:  PHP's XML extension is not available. Please contact your hosting provider to enable PHP's XML extension. in /data/html/htc_catalog/wp-includes/IXR/class-IXR-message.php on line 48
[18-Jan-2024 06:37:19 UTC] PHP Notice:  PHP's XML extension is not available. Please contact your hosting provider to enable PHP's XML extension. in /data/html/htc_catalog/wp-includes/IXR/class-IXR-message.php on line 48
[18-Jan-2024 06:39:00 UTC] PHP Notice:  PHP's XML extension is not available. Please contact your hosting provider to enable PHP's XML extension. in /data/html/htc_catalog/wp-includes/IXR/class-IXR-message.php on line 48
[18-Jan-2024 06:39:04 UTC] PHP Notice:  PHP's XML extension is not available. Please contact your hosting provider to enable PHP's XML extension. in /data/html/htc_catalog/wp-includes/IXR/class-IXR-message.php on line 48
[18-Jan-2024 06:40:14 UTC] PHP Notice:  PHP's XML extension is not available. Please contact your hosting provider to enable PHP's XML extension. in /data/html/htc_catalog/wp-includes/IXR/class-IXR-message.php on line 48
[18-Jan-2024 06:42:08 UTC] PHP Notice:  PHP's XML extension is not available. Please contact your hosting provider to enable PHP's XML extension. in /data/html/htc_catalog/wp-includes/IXR/class-IXR-message.php on line 48
[18-Jan-2024 06:42:08 UTC] PHP Notice:  PHP's XML extension is not available. Please contact your hosting provider to enable PHP's XML extension. in /data/html/htc_catalog/wp-includes/IXR/class-IXR-message.php on line 48
[18-Jan-2024 06:42:26 UTC] PHP Fatal error:  Uncaught Error: Call to undefined function curl_init() in /data/html/htc_catalog/wp-content/plugins/sr-product-360o-view/includes/srCURLMethods.php:133
Stack trace:
#0 /data/html/htc_catalog/wp-content/plugins/sr-product-360o-view/includes/srCURLMethods.php(25): srCURLMethods->sendRequest()
#1 /data/html/htc_catalog/wp-content/plugins/sr-product-360o-view/includes/templates/license.php(29): srCURLMethods->get_unauthorize_token()
#2 /data/html/htc_catalog/wp-content/plugins/sr-product-360o-view/includes/sr360AdminMenu.php(87): include_once('...')
#3 /data/html/htc_catalog/wp-includes/class-wp-hook.php(324): sr360AdminMenu->license_callback()
#4 /data/html/htc_catalog/wp-includes/class-wp-hook.php(348): WP_Hook->apply_filters()
#5 /data/html/htc_catalog/wp-includes/plugin.php(517): WP_Hook->do_action()
#6 /data/html/htc_catalog/wp-admin/admin.php(259): do_action()
#7 {main}
  thrown in /data/html/htc_catalog/wp-content/plugins/sr-product-360o-view/includes/srCURLMethods.php on line 133
[18-Jan-2024 06:43:29 UTC] PHP Notice:  PHP's XML extension is not available. Please contact your hosting provider to enable PHP's XML extension. in /data/html/htc_catalog/wp-includes/IXR/class-IXR-message.php on line 48
[18-Jan-2024 06:44:37 UTC] PHP Notice:  PHP's XML extension is not available. Please contact your hosting provider to enable PHP's XML extension. in /data/html/htc_catalog/wp-includes/IXR/class-IXR-message.php on line 48
[18-Jan-2024 06:45:22 UTC] PHP Notice:  PHP's XML extension is not available. Please contact your hosting provider to enable PHP's XML extension. in /data/html/htc_catalog/wp-includes/IXR/class-IXR-message.php on line 48
[18-Jan-2024 06:46:25 UTC] PHP Notice:  PHP's XML extension is not available. Please contact your hosting provider to enable PHP's XML extension. in /data/html/htc_catalog/wp-includes/IXR/class-IXR-message.php on line 48
[18-Jan-2024 06:48:26 UTC] PHP Notice:  PHP's XML extension is not available. Please contact your hosting provider to enable PHP's XML extension. in /data/html/htc_catalog/wp-includes/IXR/class-IXR-message.php on line 48
[18-Jan-2024 06:48:26 UTC] PHP Notice:  PHP's XML extension is not available. Please contact your hosting provider to enable PHP's XML extension. in /data/html/htc_catalog/wp-includes/IXR/class-IXR-message.php on line 48
[18-Jan-2024 06:49:28 UTC] PHP Notice:  PHP's XML extension is not available. Please contact your hosting provider to enable PHP's XML extension. in /data/html/htc_catalog/wp-includes/IXR/class-IXR-message.php on line 48
[18-Jan-2024 06:50:41 UTC] PHP Notice:  PHP's XML extension is not available. Please contact your hosting provider to enable PHP's XML extension. in /data/html/htc_catalog/wp-includes/IXR/class-IXR-message.php on line 48
[18-Jan-2024 06:51:36 UTC] PHP Notice:  PHP's XML extension is not available. Please contact your hosting provider to enable PHP's XML extension. in /data/html/htc_catalog/wp-includes/IXR/class-IXR-message.php on line 48
[18-Jan-2024 06:52:39 UTC] PHP Notice:  PHP's XML extension is not available. Please contact your hosting provider to enable PHP's XML extension. in /data/html/htc_catalog/wp-includes/IXR/class-IXR-message.php on line 48
[18-Jan-2024 06:53:42 UTC] PHP Notice:  PHP's XML extension is not available. Please contact your hosting provider to enable PHP's XML extension. in /data/html/htc_catalog/wp-includes/IXR/class-IXR-message.php on line 48
[18-Jan-2024 06:55:33 UTC] PHP Notice:  PHP's XML extension is not available. Please contact your hosting provider to enable PHP's XML extension. in /data/html/htc_catalog/wp-includes/IXR/class-IXR-message.php on line 48
[18-Jan-2024 06:55:34 UTC] PHP Notice:  PHP's XML extension is not available. Please contact your hosting provider to enable PHP's XML extension. in /data/html/htc_catalog/wp-includes/IXR/class-IXR-message.php on line 48
[18-Jan-2024 06:57:34 UTC] PHP Notice:  PHP's XML extension is not available. Please contact your hosting provider to enable PHP's XML extension. in /data/html/htc_catalog/wp-includes/IXR/class-IXR-message.php on line 48
[18-Jan-2024 06:59:35 UTC] PHP Notice:  PHP's XML extension is not available. Please contact your hosting provider to enable PHP's XML extension. in /data/html/htc_catalog/wp-includes/IXR/class-IXR-message.php on line 48
[18-Jan-2024 06:59:36 UTC] PHP Notice:  PHP's XML extension is not available. Please contact your hosting provider to enable PHP's XML extension. in /data/html/htc_catalog/wp-includes/IXR/class-IXR-message.php on line 48
[18-Jan-2024 07:02:03 UTC] PHP Notice:  PHP's XML extension is not available. Please contact your hosting provider to enable PHP's XML extension. in /data/html/htc_catalog/wp-includes/IXR/class-IXR-message.php on line 48
[18-Jan-2024 07:10:28 UTC] PHP Notice:  PHP's XML extension is not available. Please contact your hosting provider to enable PHP's XML extension. in /data/html/htc_catalog/wp-includes/IXR/class-IXR-message.php on line 48
[18-Jan-2024 07:10:30 UTC] PHP Notice:  PHP's XML extension is not available. Please contact your hosting provider to enable PHP's XML extension. in /data/html/htc_catalog/wp-includes/IXR/class-IXR-message.php on line 48
[18-Jan-2024 09:37:41 UTC] PHP Notice:  PHP's XML extension is not available. Please contact your hosting provider to enable PHP's XML extension. in /data/html/htc_catalog/wp-includes/IXR/class-IXR-message.php on line 48
[18-Jan-2024 09:37:42 UTC] PHP Notice:  PHP's XML extension is not available. Please contact your hosting provider to enable PHP's XML extension. in /data/html/htc_catalog/wp-includes/IXR/class-IXR-message.php on line 48
[18-Jan-2024 09:58:36 UTC] PHP Notice:  PHP's XML extension is not available. Please contact your hosting provider to enable PHP's XML extension. in /data/html/htc_catalog/wp-includes/IXR/class-IXR-message.php on line 48
[18-Jan-2024 09:58:36 UTC] PHP Notice:  PHP's XML extension is not available. Please contact your hosting provider to enable PHP's XML extension. in /data/html/htc_catalog/wp-includes/IXR/class-IXR-message.php on line 48
[18-Jan-2024 09:58:44 UTC] PHP Notice:  PHP's XML extension is not available. Please contact your hosting provider to enable PHP's XML extension. in /data/html/htc_catalog/wp-includes/IXR/class-IXR-message.php on line 48
[18-Jan-2024 11:00:23 UTC] PHP Notice:  PHP's XML extension is not available. Please contact your hosting provider to enable PHP's XML extension. in /data/html/htc_catalog/wp-includes/IXR/class-IXR-message.php on line 48
[18-Jan-2024 11:01:29 UTC] PHP Notice:  PHP's XML extension is not available. Please contact your hosting provider to enable PHP's XML extension. in /data/html/htc_catalog/wp-includes/IXR/class-IXR-message.php on line 48
[18-Jan-2024 11:04:39 UTC] PHP Notice:  PHP's XML extension is not available. Please contact your hosting provider to enable PHP's XML extension. in /data/html/htc_catalog/wp-includes/IXR/class-IXR-message.php on line 48
[18-Jan-2024 12:52:42 UTC] PHP Notice:  PHP's XML extension is not available. Please contact your hosting provider to enable PHP's XML extension. in /data/html/htc_catalog/wp-includes/IXR/class-IXR-message.php on line 48
[18-Jan-2024 12:52:43 UTC] PHP Notice:  PHP's XML extension is not available. Please contact your hosting provider to enable PHP's XML extension. in /data/html/htc_catalog/wp-includes/IXR/class-IXR-message.php on line 48
[18-Jan-2024 15:03:32 UTC] PHP Notice:  PHP's XML extension is not available. Please contact your hosting provider to enable PHP's XML extension. in /data/html/htc_catalog/wp-includes/IXR/class-IXR-message.php on line 48
[18-Jan-2024 15:03:36 UTC] PHP Notice:  PHP's XML extension is not available. Please contact your hosting provider to enable PHP's XML extension. in /data/html/htc_catalog/wp-includes/IXR/class-IXR-message.php on line 48
[18-Jan-2024 15:05:14 UTC] PHP Notice:  PHP's XML extension is not available. Please contact your hosting provider to enable PHP's XML extension. in /data/html/htc_catalog/wp-includes/IXR/class-IXR-message.php on line 48
[18-Jan-2024 15:06:17 UTC] PHP Notice:  PHP's XML extension is not available. Please contact your hosting provider to enable PHP's XML extension. in /data/html/htc_catalog/wp-includes/IXR/class-IXR-message.php on line 48
[18-Jan-2024 15:06:35 UTC] PHP Notice:  PHP's XML extension is not available. Please contact your hosting provider to enable PHP's XML extension. in /data/html/htc_catalog/wp-includes/IXR/class-IXR-message.php on line 48
[18-Jan-2024 15:07:27 UTC] PHP Notice:  PHP's XML extension is not available. Please contact your hosting provider to enable PHP's XML extension. in /data/html/htc_catalog/wp-includes/IXR/class-IXR-message.php on line 48
[18-Jan-2024 15:08:30 UTC] PHP Notice:  PHP's XML extension is not available. Please contact your hosting provider to enable PHP's XML extension. in /data/html/htc_catalog/wp-includes/IXR/class-IXR-message.php on line 48
[18-Jan-2024 15:09:32 UTC] PHP Notice:  PHP's XML extension is not available. Please contact your hosting provider to enable PHP's XML extension. in /data/html/htc_catalog/wp-includes/IXR/class-IXR-message.php on line 48
[18-Jan-2024 15:10:07 UTC] PHP Notice:  PHP's XML extension is not available. Please contact your hosting provider to enable PHP's XML extension. in /data/html/htc_catalog/wp-includes/IXR/class-IXR-message.php on line 48
[18-Jan-2024 15:11:07 UTC] PHP Notice:  PHP's XML extension is not available. Please contact your hosting provider to enable PHP's XML extension. in /data/html/htc_catalog/wp-includes/IXR/class-IXR-message.php on line 48
[18-Jan-2024 15:13:08 UTC] PHP Notice:  PHP's XML extension is not available. Please contact your hosting provider to enable PHP's XML extension. in /data/html/htc_catalog/wp-includes/IXR/class-IXR-message.php on line 48
[18-Jan-2024 15:13:08 UTC] PHP Notice:  PHP's XML extension is not available. Please contact your hosting provider to enable PHP's XML extension. in /data/html/htc_catalog/wp-includes/IXR/class-IXR-message.php on line 48
[18-Jan-2024 15:14:21 UTC] PHP Notice:  PHP's XML extension is not available. Please contact your hosting provider to enable PHP's XML extension. in /data/html/htc_catalog/wp-includes/IXR/class-IXR-message.php on line 48
[18-Jan-2024 15:16:22 UTC] PHP Notice:  PHP's XML extension is not available. Please contact your hosting provider to enable PHP's XML extension. in /data/html/htc_catalog/wp-includes/IXR/class-IXR-message.php on line 48
[18-Jan-2024 15:16:23 UTC] PHP Notice:  PHP's XML extension is not available. Please contact your hosting provider to enable PHP's XML extension. in /data/html/htc_catalog/wp-includes/IXR/class-IXR-message.php on line 48
[18-Jan-2024 15:17:47 UTC] PHP Notice:  PHP's XML extension is not available. Please contact your hosting provider to enable PHP's XML extension. in /data/html/htc_catalog/wp-includes/IXR/class-IXR-message.php on line 48
[18-Jan-2024 15:18:48 UTC] PHP Notice:  PHP's XML extension is not available. Please contact your hosting provider to enable PHP's XML extension. in /data/html/htc_catalog/wp-includes/IXR/class-IXR-message.php on line 48
[18-Jan-2024 15:19:27 UTC] PHP Notice:  PHP's XML extension is not available. Please contact your hosting provider to enable PHP's XML extension. in /data/html/htc_catalog/wp-includes/IXR/class-IXR-message.php on line 48
[18-Jan-2024 15:21:09 UTC] PHP Notice:  PHP's XML extension is not available. Please contact your hosting provider to enable PHP's XML extension. in /data/html/htc_catalog/wp-includes/IXR/class-IXR-message.php on line 48
[18-Jan-2024 15:23:09 UTC] PHP Notice:  PHP's XML extension is not available. Please contact your hosting provider to enable PHP's XML extension. in /data/html/htc_catalog/wp-includes/IXR/class-IXR-message.php on line 48
[18-Jan-2024 15:23:09 UTC] PHP Notice:  PHP's XML extension is not available. Please contact your hosting provider to enable PHP's XML extension. in /data/html/htc_catalog/wp-includes/IXR/class-IXR-message.php on line 48
[18-Jan-2024 15:25:09 UTC] PHP Notice:  PHP's XML extension is not available. Please contact your hosting provider to enable PHP's XML extension. in /data/html/htc_catalog/wp-includes/IXR/class-IXR-message.php on line 48
[18-Jan-2024 15:27:05 UTC] PHP Notice:  PHP's XML extension is not available. Please contact your hosting provider to enable PHP's XML extension. in /data/html/htc_catalog/wp-includes/IXR/class-IXR-message.php on line 48
[18-Jan-2024 15:27:06 UTC] PHP Notice:  PHP's XML extension is not available. Please contact your hosting provider to enable PHP's XML extension. in /data/html/htc_catalog/wp-includes/IXR/class-IXR-message.php on line 48
[18-Jan-2024 15:28:31 UTC] PHP Notice:  PHP's XML extension is not available. Please contact your hosting provider to enable PHP's XML extension. in /data/html/htc_catalog/wp-includes/IXR/class-IXR-message.php on line 48
[18-Jan-2024 15:29:41 UTC] PHP Notice:  PHP's XML extension is not available. Please contact your hosting provider to enable PHP's XML extension. in /data/html/htc_catalog/wp-includes/IXR/class-IXR-message.php on line 48
[18-Jan-2024 15:31:04 UTC] PHP Notice:  PHP's XML extension is not available. Please contact your hosting provider to enable PHP's XML extension. in /data/html/htc_catalog/wp-includes/IXR/class-IXR-message.php on line 48
[18-Jan-2024 15:31:05 UTC] PHP Notice:  PHP's XML extension is not available. Please contact your hosting provider to enable PHP's XML extension. in /data/html/htc_catalog/wp-includes/IXR/class-IXR-message.php on line 48
[18-Jan-2024 15:33:05 UTC] PHP Notice:  PHP's XML extension is not available. Please contact your hosting provider to enable PHP's XML extension. in /data/html/htc_catalog/wp-includes/IXR/class-IXR-message.php on line 48
[18-Jan-2024 15:34:07 UTC] PHP Notice:  PHP's XML extension is not available. Please contact your hosting provider to enable PHP's XML extension. in /data/html/htc_catalog/wp-includes/IXR/class-IXR-message.php on line 48
[18-Jan-2024 15:34:09 UTC] PHP Notice:  PHP's XML extension is not available. Please contact your hosting provider to enable PHP's XML extension. in /data/html/htc_catalog/wp-includes/IXR/class-IXR-message.php on line 48
[18-Jan-2024 15:35:39 UTC] PHP Notice:  PHP's XML extension is not available. Please contact your hosting provider to enable PHP's XML extension. in /data/html/htc_catalog/wp-includes/IXR/class-IXR-message.php on line 48
[18-Jan-2024 15:36:57 UTC] PHP Notice:  PHP's XML extension is not available. Please contact your hosting provider to enable PHP's XML extension. in /data/html/htc_catalog/wp-includes/IXR/class-IXR-message.php on line 48
[18-Jan-2024 15:37:19 UTC] PHP Notice:  PHP's XML extension is not available. Please contact your hosting provider to enable PHP's XML extension. in /data/html/htc_catalog/wp-includes/IXR/class-IXR-message.php on line 48
[18-Jan-2024 15:39:43 UTC] PHP Notice:  PHP's XML extension is not available. Please contact your hosting provider to enable PHP's XML extension. in /data/html/htc_catalog/wp-includes/IXR/class-IXR-message.php on line 48
[18-Jan-2024 15:41:42 UTC] PHP Notice:  PHP's XML extension is not available. Please contact your hosting provider to enable PHP's XML extension. in /data/html/htc_catalog/wp-includes/IXR/class-IXR-message.php on line 48
[18-Jan-2024 15:41:43 UTC] PHP Notice:  PHP's XML extension is not available. Please contact your hosting provider to enable PHP's XML extension. in /data/html/htc_catalog/wp-includes/IXR/class-IXR-message.php on line 48
[18-Jan-2024 15:43:25 UTC] PHP Notice:  PHP's XML extension is not available. Please contact your hosting provider to enable PHP's XML extension. in /data/html/htc_catalog/wp-includes/IXR/class-IXR-message.php on line 48
[18-Jan-2024 15:45:44 UTC] PHP Notice:  PHP's XML extension is not available. Please contact your hosting provider to enable PHP's XML extension. in /data/html/htc_catalog/wp-includes/IXR/class-IXR-message.php on line 48
[18-Jan-2024 15:45:46 UTC] PHP Notice:  PHP's XML extension is not available. Please contact your hosting provider to enable PHP's XML extension. in /data/html/htc_catalog/wp-includes/IXR/class-IXR-message.php on line 48
[18-Jan-2024 15:47:45 UTC] PHP Notice:  PHP's XML extension is not available. Please contact your hosting provider to enable PHP's XML extension. in /data/html/htc_catalog/wp-includes/IXR/class-IXR-message.php on line 48
[18-Jan-2024 15:48:59 UTC] PHP Notice:  PHP's XML extension is not available. Please contact your hosting provider to enable PHP's XML extension. in /data/html/htc_catalog/wp-includes/IXR/class-IXR-message.php on line 48
[18-Jan-2024 15:49:00 UTC] PHP Notice:  PHP's XML extension is not available. Please contact your hosting provider to enable PHP's XML extension. in /data/html/htc_catalog/wp-includes/IXR/class-IXR-message.php on line 48
[18-Jan-2024 15:51:48 UTC] PHP Notice:  PHP's XML extension is not available. Please contact your hosting provider to enable PHP's XML extension. in /data/html/htc_catalog/wp-includes/IXR/class-IXR-message.php on line 48
[18-Jan-2024 15:53:48 UTC] PHP Notice:  PHP's XML extension is not available. Please contact your hosting provider to enable PHP's XML extension. in /data/html/htc_catalog/wp-includes/IXR/class-IXR-message.php on line 48
[18-Jan-2024 15:53:49 UTC] PHP Notice:  PHP's XML extension is not available. Please contact your hosting provider to enable PHP's XML extension. in /data/html/htc_catalog/wp-includes/IXR/class-IXR-message.php on line 48
[18-Jan-2024 15:55:49 UTC] PHP Notice:  PHP's XML extension is not available. Please contact your hosting provider to enable PHP's XML extension. in /data/html/htc_catalog/wp-includes/IXR/class-IXR-message.php on line 48
[18-Jan-2024 15:57:52 UTC] PHP Notice:  PHP's XML extension is not available. Please contact your hosting provider to enable PHP's XML extension. in /data/html/htc_catalog/wp-includes/IXR/class-IXR-message.php on line 48
[18-Jan-2024 15:57:52 UTC] PHP Notice:  PHP's XML extension is not available. Please contact your hosting provider to enable PHP's XML extension. in /data/html/htc_catalog/wp-includes/IXR/class-IXR-message.php on line 48
