2024-01-29T05:18:08+00:00 CRITICAL Uncaught Error: Class "DOMDocument" not found in /data/html/htc_catalog/wp-content/themes/outbuilt-child/functions.php:36
Stack trace:
#0 /data/html/htc_catalog/wp-includes/shortcodes.php(433): bbloomer_separate_registration_form()
#1 [internal function]: do_shortcode_tag()
#2 /data/html/htc_catalog/wp-includes/shortcodes.php(273): preg_replace_callback()
#3 /data/html/htc_catalog/wp-includes/class-wp-hook.php(326): do_shortcode()
#4 /data/html/htc_catalog/wp-includes/plugin.php(205): WP_Hook->apply_filters()
#5 /data/html/htc_catalog/wp-content/plugins/elementor/includes/base/widget-base.php(428): apply_filters()
#6 /data/html/htc_catalog/wp-content/plugins/elementor/includes/widgets/text-editor.php(417): Elementor\Widget_Base->parse_text_editor()
#7 /data/html/htc_catalog/wp-content/plugins/elementor/includes/base/controls-stack.php(2297): Elementor\Widget_Text_Editor->render()
#8 /data/html/htc_catalog/wp-content/plugins/elementor/includes/base/widget-base.php(614): Elementor\Controls_Stack->render_by_mode()
#9 /data/html/htc_catalog/wp-content/plugins/elementor/includes/base/widget-base.php(755): Elementor\Widget_Base->render_content()
#10 /data/html/htc_catalog/wp-content/plugins/elementor/includes/base/element-base.php(464): Elementor\Widget_Base->print_content()
#11 /data/html/htc_catalog/wp-content/plugins/elementor/includes/base/element-base.php(1375): Elementor\Element_Base->print_element()
#12 /data/html/htc_catalog/wp-content/plugins/elementor/includes/base/element-base.php(464): Elementor\Element_Base->print_content()
#13 /data/html/htc_catalog/wp-content/plugins/elementor/includes/base/element-base.php(1375): Elementor\Element_Base->print_element()
#14 /data/html/htc_catalog/wp-content/plugins/elementor/includes/base/element-base.php(464): Elementor\Element_Base->print_content()
#15 /data/html/htc_catalog/wp-content/plugins/elementor/core/base/document.php(1749): Elementor\Element_Base->print_element()
#16 /data/html/htc_catalog/wp-content/plugins/elementor/core/base/document.php(1144): Elementor\Core\Base\Document->print_elements()
#17 /data/html/htc_catalog/wp-content/plugins/elementor/includes/frontend.php(1179): Elementor\Core\Base\Document->print_elements_with_wrapper()
#18 /data/html/htc_catalog/wp-content/plugins/elementor/includes/frontend.php(1074): Elementor\Frontend->get_builder_content()
#19 /data/html/htc_catalog/wp-includes/class-wp-hook.php(324): Elementor\Frontend->apply_builder_in_content()
#20 /data/html/htc_catalog/wp-includes/plugin.php(205): WP_Hook->apply_filters()
#21 /data/html/htc_catalog/wp-includes/post-template.php(256): apply_filters()
#22 /data/html/htc_catalog/wp-content/themes/outbuilt/partials/content/content-page.php(16): the_content()
#23 /data/html/htc_catalog/wp-includes/template.php(792): require('...')
#24 /data/html/htc_catalog/wp-includes/template.php(725): load_template()
#25 /data/html/htc_catalog/wp-includes/general-template.php(206): locate_template()
#26 /data/html/htc_catalog/wp-content/themes/outbuilt/page.php(14): get_template_part()
#27 /data/html/htc_catalog/wp-includes/template-loader.php(106): include('...')
#28 /data/html/htc_catalog/wp-blog-header.php(19): require_once('...')
#29 /data/html/htc_catalog/index.php(17): require('...')
#30 {main}
  thrown in /data/html/htc_catalog/wp-content/themes/outbuilt-child/functions.php on line 36

