2024-01-29T19:51:45+00:00 CRITICAL syntax error, unexpected token "/" in /data/html/htc_catalog/wp-content/themes/outbuilt-child/functions.php on line 30

2024-01-29T19:51:45+00:00 CRITICAL syntax error, unexpected token "/" in /data/html/htc_catalog/wp-content/themes/outbuilt-child/functions.php on line 30

2024-01-29T19:51:48+00:00 CRITICAL syntax error, unexpected token "/" in /data/html/htc_catalog/wp-content/themes/outbuilt-child/functions.php on line 30

2024-01-29T19:51:48+00:00 CRITICAL syntax error, unexpected token "/" in /data/html/htc_catalog/wp-content/themes/outbuilt-child/functions.php on line 30

2024-01-29T19:52:13+00:00 CRITICAL syntax error, unexpected token "/" in /data/html/htc_catalog/wp-content/themes/outbuilt-child/functions.php on line 30

2024-01-29T19:52:42+00:00 CRITICAL syntax error, unexpected token "/" in /data/html/htc_catalog/wp-content/themes/outbuilt-child/functions.php on line 30

2024-01-29T19:52:46+00:00 CRITICAL syntax error, unexpected token "/" in /data/html/htc_catalog/wp-content/themes/outbuilt-child/functions.php on line 30

2024-01-29T19:52:46+00:00 CRITICAL syntax error, unexpected token "/" in /data/html/htc_catalog/wp-content/themes/outbuilt-child/functions.php on line 30

2024-02-03T04:37:57+00:00 CRITICAL Uncaught RuntimeException: Unable to claim actions. Database error: Deadlock found when trying to get lock; try restarting transaction. in /data/html/htc_catalog/wp-content/plugins/woocommerce/packages/action-scheduler/classes/data-stores/ActionScheduler_DBStore.php:942
Stack trace:
#0 /data/html/htc_catalog/wp-content/plugins/woocommerce/packages/action-scheduler/classes/data-stores/ActionScheduler_DBStore.php(799): ActionScheduler_DBStore->claim_actions()
#1 /data/html/htc_catalog/wp-content/plugins/woocommerce/packages/action-scheduler/classes/ActionScheduler_QueueRunner.php(160): ActionScheduler_DBStore->stake_claim()
#2 /data/html/htc_catalog/wp-content/plugins/woocommerce/packages/action-scheduler/classes/ActionScheduler_QueueRunner.php(139): ActionScheduler_QueueRunner->do_batch()
#3 /data/html/htc_catalog/wp-includes/class-wp-hook.php(324): ActionScheduler_QueueRunner->run()
#4 /data/html/htc_catalog/wp-includes/class-wp-hook.php(348): WP_Hook->apply_filters()
#5 /data/html/htc_catalog/wp-includes/plugin.php(517): WP_Hook->do_action()
#6 /data/html/htc_catalog/wp-content/plugins/woocommerce/packages/action-scheduler/classes/ActionScheduler_AsyncRequest_QueueRunner.php(52): do_action()
#7 /data/html/htc_catalog/wp-content/plugins/woocommerce/includes/libraries/wp-async-request.php(147): ActionScheduler_AsyncRequest_QueueRunner->handle()
#8 /data/html/htc_catalog/wp-includes/class-wp-hook.php(324): WP_Async_Request->maybe_handle()
#9 /data/html/htc_catalog/wp-includes/class-wp-hook.php(348): WP_Hook->apply_filters()
#10 /data/html/htc_catalog/wp-includes/plugin.php(517): WP_Hook->do_action()
#11 /data/html/htc_catalog/wp-admin/admin-ajax.php(188): do_action()
#12 {main}
  thrown in /data/html/htc_catalog/wp-content/plugins/woocommerce/packages/action-scheduler/classes/data-stores/ActionScheduler_DBStore.php on line 942

2024-02-20T05:46:36+00:00 CRITICAL Uncaught TypeError: call_user_func_array(): Argument #1 ($callback) must be a valid callback, function "custom_product_groups_install" not found or invalid function name in /Users/mukhpalsingh/Documents/Developments/PHP/Wordpress/htc_catalog/wp-includes/class-wp-hook.php:324
Stack trace:
#0 /Users/mukhpalsingh/Documents/Developments/PHP/Wordpress/htc_catalog/wp-includes/class-wp-hook.php(348): WP_Hook->apply_filters('', Array)
#1 /Users/mukhpalsingh/Documents/Developments/PHP/Wordpress/htc_catalog/wp-includes/plugin.php(517): WP_Hook->do_action(Array)
#2 /Users/mukhpalsingh/Documents/Developments/PHP/Wordpress/htc_catalog/wp-admin/includes/plugin.php(693): do_action('activate_woo-at...', false)
#3 /Users/mukhpalsingh/Documents/Developments/PHP/Wordpress/htc_catalog/wp-admin/plugins.php(58): activate_plugin('woo-attribute-i...', 'http://localhos...', false)
#4 {main}
  thrown in /Users/mukhpalsingh/Documents/Developments/PHP/Wordpress/htc_catalog/wp-includes/class-wp-hook.php on line 324

2024-02-20T05:46:42+00:00 CRITICAL Uncaught TypeError: call_user_func_array(): Argument #1 ($callback) must be a valid callback, function "custom_product_groups_install" not found or invalid function name in /Users/mukhpalsingh/Documents/Developments/PHP/Wordpress/htc_catalog/wp-includes/class-wp-hook.php:324
Stack trace:
#0 /Users/mukhpalsingh/Documents/Developments/PHP/Wordpress/htc_catalog/wp-includes/class-wp-hook.php(348): WP_Hook->apply_filters('', Array)
#1 /Users/mukhpalsingh/Documents/Developments/PHP/Wordpress/htc_catalog/wp-includes/plugin.php(517): WP_Hook->do_action(Array)
#2 /Users/mukhpalsingh/Documents/Developments/PHP/Wordpress/htc_catalog/wp-admin/includes/plugin.php(693): do_action('activate_woo-at...', false)
#3 /Users/mukhpalsingh/Documents/Developments/PHP/Wordpress/htc_catalog/wp-admin/plugins.php(58): activate_plugin('woo-attribute-i...', 'http://localhos...', false)
#4 {main}
  thrown in /Users/mukhpalsingh/Documents/Developments/PHP/Wordpress/htc_catalog/wp-includes/class-wp-hook.php on line 324

